0 verbose cli C:\Program Files\nodejs\node.exe C:\Users\mikem\.npm-global\node_modules\npm\bin\npm-cli.js
1 info using npm@10.8.2
2 info using node@v20.11.1
3 silly config load:file:C:\Users\mikem\.npm-global\node_modules\npm\npmrc
4 silly config load:file:C:\Users\mikem\Desktop\Evangadi\Final-Projects\Functional-Scope-and-Design\Evangadi-Forum\server\.npmrc
5 silly config load:file:C:\Users\mikem\.npmrc
6 silly config load:file:C:\Users\mikem\.npm-global\etc\npmrc
7 verbose title npm i uuid
8 verbose argv "i" "uuid"
9 verbose logfile logs-max:10 dir:C:\Users\mikem\Desktop\Evangadi\Final-Projects\Functional-Scope-and-Design\Evangadi-Forum\server\Usersmikem.npm\_logs\2024-07-30T04_29_35_690Z-
10 verbose logfile C:\Users\mikem\Desktop\Evangadi\Final-Projects\Functional-Scope-and-Design\Evangadi-Forum\server\Usersmikem.npm\_logs\2024-07-30T04_29_35_690Z-debug-0.log
11 silly packumentCache heap:4345298944 maxSize:1086324736 maxEntrySize:543162368
12 silly logfile start cleaning logs, removing 2 files
13 silly idealTree buildDeps
14 silly fetch manifest uuid@*
15 silly packumentCache full:https://registry.npmjs.org/uuid cache-miss
16 silly logfile done cleaning log files
17 http fetch GET 200 https://registry.npmjs.org/uuid 226ms (cache miss)
18 silly packumentCache full:https://registry.npmjs.org/uuid set size:undefined disposed:false
19 silly placeDep ROOT uuid@10.0.0 OK for: new-server@1.0.0 want: *
20 silly reify moves {}
21 silly audit bulk request {
21 silly audit   '@isaacs/cliui': [ '8.0.2' ],
21 silly audit   'ansi-regex': [ '6.0.1', '5.0.1' ],
21 silly audit   'emoji-regex': [ '9.2.2', '8.0.0' ],
21 silly audit   'string-width': [ '5.1.2', '4.2.3' ],
21 silly audit   'strip-ansi': [ '7.1.0', '6.0.1' ],
21 silly audit   '@mapbox/node-pre-gyp': [ '1.0.11' ],
21 silly audit   'are-we-there-yet': [ '2.0.0', '4.0.2' ],
21 silly audit   'brace-expansion': [ '1.1.11', '2.0.1' ],
21 silly audit   gauge: [ '3.0.2', '5.0.2' ],
21 silly audit   glob: [ '7.2.3', '11.0.0' ],
21 silly audit   minimatch: [ '3.1.2', '10.0.1' ],
21 silly audit   npmlog: [ '5.0.1', '7.0.1' ],
21 silly audit   rimraf: [ '3.0.2', '6.0.1' ],
21 silly audit   'signal-exit': [ '3.0.7', '4.1.0' ],
21 silly audit   '@pkgjs/parseargs': [ '0.11.0' ],
21 silly audit   abbrev: [ '1.1.1' ],
21 silly audit   accepts: [ '1.3.8' ],
21 silly audit   'agent-base': [ '6.0.2' ],
21 silly audit   'ansi-styles': [ '4.3.0', '6.2.1' ],
21 silly audit   aproba: [ '2.0.0' ],
21 silly audit   'array-flatten': [ '1.1.1' ],
21 silly audit   async: [ '2.6.4' ],
21 silly audit   asynckit: [ '0.4.0' ],
21 silly audit   'aws-ssl-profiles': [ '1.1.1' ],
21 silly audit   axios: [ '1.7.2' ],
21 silly audit   'balanced-match': [ '1.0.2' ],
21 silly audit   'basic-auth': [ '2.0.1' ],
21 silly audit   bcrypt: [ '5.1.1' ],
21 silly audit   bcryptjs: [ '2.4.3' ],
21 silly audit   'body-parser': [ '1.20.2' ],
21 silly audit   debug: [ '2.6.9', '4.3.5', '3.2.7' ],
21 silly audit   'iconv-lite': [ '0.4.24', '0.6.3' ],
21 silly audit   ms: [ '2.0.0', '2.1.2', '2.1.3' ],
21 silly audit   qs: [ '6.11.0', '6.12.3' ],
21 silly audit   'buffer-equal-constant-time': [ '1.0.1' ],
21 silly audit   bytes: [ '3.1.2' ],
21 silly audit   'call-bind': [ '1.0.7' ],
21 silly audit   chalk: [ '4.1.2' ],
21 silly audit   chownr: [ '2.0.0' ],
21 silly audit   'color-convert': [ '2.0.1' ],
21 silly audit   'color-name': [ '1.1.4' ],
21 silly audit   'color-support': [ '1.1.3' ],
21 silly audit   'combined-stream': [ '1.0.8' ],
21 silly audit   'concat-map': [ '0.0.1' ],
21 silly audit   'console-control-strings': [ '1.1.0' ],
21 silly audit   'content-disposition': [ '0.5.4' ],
21 silly audit   'safe-buffer': [ '5.2.1', '5.1.2' ],
21 silly audit   'content-type': [ '1.0.5' ],
21 silly audit   cookie: [ '0.6.0' ],
21 silly audit   'cookie-signature': [ '1.0.6' ],
21 silly audit   cors: [ '2.8.5' ],
21 silly audit   corser: [ '2.0.1' ],
21 silly audit   'cross-spawn': [ '7.0.3' ],
21 silly audit   'define-data-property': [ '1.1.4' ],
21 silly audit   'delayed-stream': [ '1.0.0' ],
21 silly audit   delegates: [ '1.0.0' ],
21 silly audit   denque: [ '2.1.0' ],
21 silly audit   depd: [ '2.0.0' ],
21 silly audit   destroy: [ '1.2.0' ],
21 silly audit   'detect-libc': [ '2.0.3' ],
21 silly audit   dotenv: [ '16.4.5' ],
21 silly audit   eastasianwidth: [ '0.2.0' ],
21 silly audit   'ecdsa-sig-formatter': [ '1.0.11' ],
21 silly audit   'ee-first': [ '1.1.1' ],
21 silly audit   encodeurl: [ '1.0.2' ],
21 silly audit   'es-define-property': [ '1.0.0' ],
21 silly audit   'es-errors': [ '1.3.0' ],
21 silly audit   'escape-html': [ '1.0.3' ],
21 silly audit   etag: [ '1.8.1' ],
21 silly audit   eventemitter3: [ '4.0.7' ],
21 silly audit   express: [ '4.19.2' ],
21 silly audit   finalhandler: [ '1.2.0' ],
21 silly audit   'follow-redirects': [ '1.15.6' ],
21 silly audit   'foreground-child': [ '3.2.1' ],
21 silly audit   'form-data': [ '4.0.0' ],
21 silly audit   forwarded: [ '0.2.0' ],
21 silly audit   fresh: [ '0.5.2' ],
21 silly audit   'fs-minipass': [ '2.1.0' ],
21 silly audit   minipass: [ '3.3.6', '7.1.2', '5.0.0' ],
21 silly audit   'fs.realpath': [ '1.0.0' ],
21 silly audit   'function-bind': [ '1.1.2' ],
21 silly audit   'generate-function': [ '2.3.1' ],
21 silly audit   'get-intrinsic': [ '1.2.4' ],
21 silly audit   gopd: [ '1.0.1' ],
21 silly audit   'has-flag': [ '4.0.0' ],
21 silly audit   'has-property-descriptors': [ '1.0.2' ],
21 silly audit   'has-proto': [ '1.0.3' ],
21 silly audit   'has-symbols': [ '1.0.3' ],
21 silly audit   'has-unicode': [ '2.0.1' ],
21 silly audit   hasown: [ '2.0.2' ],
21 silly audit   he: [ '1.2.0' ],
21 silly audit   'html-encoding-sniffer': [ '3.0.0' ],
21 silly audit   'http-errors': [ '2.0.0' ],
21 silly audit   'http-proxy': [ '1.18.1' ],
21 silly audit   'http-server': [ '14.1.1' ],
21 silly audit   'http-status-codes': [ '2.3.0' ],
21 silly audit   'https-proxy-agent': [ '5.0.1' ],
21 silly audit   inflight: [ '1.0.6' ],
21 silly audit   inherits: [ '2.0.4' ],
21 silly audit   'ipaddr.js': [ '1.9.1' ],
21 silly audit   'is-fullwidth-code-point': [ '3.0.0' ],
21 silly audit   'is-property': [ '1.0.2' ],
21 silly audit   isexe: [ '2.0.0' ],
21 silly audit   jackspeak: [ '4.0.1' ],
21 silly audit   jsonwebtoken: [ '9.0.2' ],
21 silly audit   jwa: [ '1.4.1' ],
21 silly audit   jws: [ '3.2.2' ],
21 silly audit   lodash: [ '4.17.21' ],
21 silly audit   'lodash.includes': [ '4.3.0' ],
21 silly audit   'lodash.isboolean': [ '3.0.3' ],
21 silly audit   'lodash.isinteger': [ '4.0.4' ],
21 silly audit   'lodash.isnumber': [ '3.0.3' ],
21 silly audit   'lodash.isplainobject': [ '4.0.6' ],
21 silly audit   'lodash.isstring': [ '4.0.1' ],
21 silly audit   'lodash.once': [ '4.1.1' ],
21 silly audit   long: [ '5.2.3' ],
21 silly audit   'lru-cache': [ '8.0.5', '7.18.3', '11.0.0' ],
21 silly audit   'make-dir': [ '3.1.0' ],
21 silly audit   semver: [ '6.3.1', '7.6.3' ],
21 silly audit   'media-typer': [ '0.3.0' ],
21 silly audit   'merge-descriptors': [ '1.0.1' ],
21 silly audit   methods: [ '1.1.2' ],
21 silly audit   mime: [ '1.6.0' ],
21 silly audit   'mime-db': [ '1.52.0' ],
21 silly audit   'mime-types': [ '2.1.35' ],
21 silly audit   minimist: [ '1.2.8' ],
21 silly audit   minizlib: [ '2.1.2' ],
21 silly audit   mkdirp: [ '0.5.6', '1.0.4' ],
21 silly audit   mysql2: [ '3.10.3' ],
21 silly audit   'named-placeholders': [ '1.1.3' ],
21 silly audit   negotiator: [ '0.6.3' ],
21 silly audit   'node-addon-api': [ '5.1.0' ],
21 silly audit   'node-fetch': [ '2.7.0' ],
21 silly audit   nopt: [ '5.0.0' ],
21 silly audit   'object-assign': [ '4.1.1' ],
21 silly audit   'object-inspect': [ '1.13.2' ],
21 silly audit   'on-finished': [ '2.4.1' ],
21 silly audit   once: [ '1.4.0' ],
21 silly audit   opener: [ '1.5.2' ],
21 silly audit   'package-json-from-dist': [ '1.0.0' ],
21 silly audit   parseurl: [ '1.3.3' ],
21 silly audit   'path-is-absolute': [ '1.0.1' ],
21 silly audit   'path-key': [ '3.1.1' ],
21 silly audit   'path-scurry': [ '2.0.0' ],
21 silly audit   'path-to-regexp': [ '0.1.7' ],
21 silly audit   portfinder: [ '1.0.32' ],
21 silly audit   'proxy-addr': [ '2.0.7' ],
21 silly audit   'proxy-from-env': [ '1.1.0' ],
21 silly audit   'range-parser': [ '1.2.1' ],
21 silly audit   'raw-body': [ '2.5.2' ],
21 silly audit   'readable-stream': [ '3.6.2' ],
21 silly audit   'requires-port': [ '1.0.0' ],
21 silly audit   'safer-buffer': [ '2.1.2' ],
21 silly audit   'secure-compare': [ '3.0.1' ],
21 silly audit   send: [ '0.18.0' ],
21 silly audit   'seq-queue': [ '0.0.5' ],
21 silly audit   'serve-static': [ '1.15.0' ],
21 silly audit   'set-blocking': [ '2.0.0' ],
21 silly audit   'set-function-length': [ '1.2.2' ],
21 silly audit   setprototypeof: [ '1.2.0' ],
21 silly audit   'shebang-command': [ '2.0.0' ],
21 silly audit   'shebang-regex': [ '3.0.0' ],
21 silly audit   'side-channel': [ '1.0.6' ],
21 silly audit   sqlstring: [ '2.3.3' ],
21 silly audit   statuses: [ '2.0.1' ],
21 silly audit   string_decoder: [ '1.3.0' ],
21 silly audit   'supports-color': [ '7.2.0' ],
21 silly audit   tar: [ '6.2.1' ],
21 silly audit   toidentifier: [ '1.0.1' ],
21 silly audit   tr46: [ '0.0.3' ],
21 silly audit   'type-is': [ '1.6.18' ],
21 silly audit   union: [ '0.5.0' ],
21 silly audit   unpipe: [ '1.0.0' ],
21 silly audit   'url-join': [ '4.0.1' ],
21 silly audit   'util-deprecate': [ '1.0.2' ],
21 silly audit   'utils-merge': [ '1.0.1' ],
21 silly audit   vary: [ '1.1.2' ],
21 silly audit   'webidl-conversions': [ '3.0.1' ],
21 silly audit   'whatwg-encoding': [ '2.0.0' ],
21 silly audit   'whatwg-url': [ '5.0.0' ],
21 silly audit   which: [ '2.0.2' ],
21 silly audit   'wide-align': [ '1.1.5' ],
21 silly audit   'wrap-ansi': [ '8.1.0', '7.0.0' ],
21 silly audit   wrappy: [ '1.0.2' ],
21 silly audit   yallist: [ '4.0.0' ],
21 silly audit   uuid: [ '10.0.0' ]
21 silly audit }
22 silly tarball no local data for uuid@https://registry.npmjs.org/uuid/-/uuid-10.0.0.tgz. Extracting by manifest.
23 http fetch POST 200 https://registry.npmjs.org/-/npm/v1/security/advisories/bulk 91ms
24 silly audit report {}
25 http fetch GET 200 https://registry.npmjs.org/uuid/-/uuid-10.0.0.tgz 368ms (cache miss)
26 silly ADD node_modules/uuid
27 verbose cwd C:\Users\mikem\Desktop\Evangadi\Final-Projects\Functional-Scope-and-Design\Evangadi-Forum\server
28 verbose os Windows_NT 10.0.22631
29 verbose node v20.11.1
30 verbose npm  v10.8.2
31 verbose exit 0
32 info ok
