0 verbose cli C:\Program Files\nodejs\node.exe C:\Users\mikem\.npm-global\node_modules\npm\bin\npm-cli.js
1 info using npm@10.8.2
2 info using node@v20.11.1
3 silly config load:file:C:\Users\mikem\.npm-global\node_modules\npm\npmrc
4 silly config load:file:C:\Users\mikem\Desktop\Evangadi\Final-Projects\Functional-Scope-and-Design\Evangadi-Forum\server\.npmrc
5 silly config load:file:C:\Users\mikem\.npmrc
6 silly config load:file:C:\Users\mikem\.npm-global\etc\npmrc
7 verbose title npm i express
8 verbose argv "i" "express"
9 verbose logfile logs-max:10 dir:C:\Users\mikem\Desktop\Evangadi\Final-Projects\Functional-Scope-and-Design\Evangadi-Forum\server\Usersmikem.npm\_logs\2024-07-30T04_17_40_787Z-
10 verbose logfile C:\Users\mikem\Desktop\Evangadi\Final-Projects\Functional-Scope-and-Design\Evangadi-Forum\server\Usersmikem.npm\_logs\2024-07-30T04_17_40_787Z-debug-0.log
11 silly packumentCache heap:4345298944 maxSize:1086324736 maxEntrySize:543162368
12 silly logfile start cleaning logs, removing 2 files
13 silly logfile done cleaning log files
14 silly idealTree buildDeps
15 silly fetch manifest express@*
16 silly packumentCache full:https://registry.npmjs.org/express cache-miss
17 http fetch GET 200 https://registry.npmjs.org/express 173ms (cache miss)
18 silly packumentCache full:https://registry.npmjs.org/express set size:undefined disposed:false
19 silly placeDep ROOT express@4.19.2 OK for: new-server@1.0.0 want: *
20 silly fetch manifest qs@6.11.0
21 silly packumentCache full:https://registry.npmjs.org/qs cache-miss
22 silly fetch manifest depd@2.0.0
23 silly packumentCache full:https://registry.npmjs.org/depd cache-miss
24 silly fetch manifest etag@~1.8.1
25 silly packumentCache full:https://registry.npmjs.org/etag cache-miss
26 silly fetch manifest send@0.18.0
27 silly packumentCache full:https://registry.npmjs.org/send cache-miss
28 silly fetch manifest vary@~1.1.2
29 silly packumentCache full:https://registry.npmjs.org/vary cache-miss
30 silly fetch manifest debug@2.6.9
31 silly packumentCache full:https://registry.npmjs.org/debug cache-miss
32 silly fetch manifest fresh@0.5.2
33 silly packumentCache full:https://registry.npmjs.org/fresh cache-miss
34 silly fetch manifest cookie@0.6.0
35 silly packumentCache full:https://registry.npmjs.org/cookie cache-miss
36 silly fetch manifest accepts@~1.3.8
37 silly packumentCache full:https://registry.npmjs.org/accepts cache-miss
38 silly fetch manifest methods@~1.1.2
39 silly packumentCache full:https://registry.npmjs.org/methods cache-miss
40 silly fetch manifest type-is@~1.6.18
41 silly packumentCache full:https://registry.npmjs.org/type-is cache-miss
42 http fetch GET 200 https://registry.npmjs.org/depd 54ms (cache miss)
43 silly packumentCache full:https://registry.npmjs.org/depd set size:undefined disposed:false
44 silly fetch manifest parseurl@~1.3.3
45 silly packumentCache full:https://registry.npmjs.org/parseurl cache-miss
46 http fetch GET 200 https://registry.npmjs.org/parseurl 40ms (cache miss)
47 silly packumentCache full:https://registry.npmjs.org/parseurl set size:undefined disposed:false
48 silly fetch manifest statuses@2.0.1
49 silly packumentCache full:https://registry.npmjs.org/statuses cache-miss
50 http fetch GET 200 https://registry.npmjs.org/vary 106ms (cache miss)
51 silly packumentCache full:https://registry.npmjs.org/vary set size:undefined disposed:false
52 silly fetch manifest encodeurl@~1.0.2
53 silly packumentCache full:https://registry.npmjs.org/encodeurl cache-miss
54 http fetch GET 200 https://registry.npmjs.org/qs 137ms (cache revalidated)
55 silly packumentCache full:https://registry.npmjs.org/qs set size:474771 disposed:false
56 silly fetch manifest proxy-addr@~2.0.7
57 silly packumentCache full:https://registry.npmjs.org/proxy-addr cache-miss
58 http fetch GET 200 https://registry.npmjs.org/etag 140ms (cache miss)
59 silly packumentCache full:https://registry.npmjs.org/etag set size:undefined disposed:false
60 silly fetch manifest body-parser@1.20.2
61 silly packumentCache full:https://registry.npmjs.org/body-parser cache-miss
62 http fetch GET 200 https://registry.npmjs.org/fresh 145ms (cache miss)
63 silly packumentCache full:https://registry.npmjs.org/fresh set size:undefined disposed:false
64 silly fetch manifest escape-html@~1.0.3
65 silly packumentCache full:https://registry.npmjs.org/escape-html cache-miss
66 http fetch GET 200 https://registry.npmjs.org/methods 154ms (cache miss)
67 silly packumentCache full:https://registry.npmjs.org/methods set size:undefined disposed:false
68 silly fetch manifest http-errors@2.0.0
69 silly packumentCache full:https://registry.npmjs.org/http-errors cache-miss
70 http fetch GET 200 https://registry.npmjs.org/cookie 193ms (cache miss)
71 silly packumentCache full:https://registry.npmjs.org/cookie set size:undefined disposed:false
72 silly fetch manifest on-finished@2.4.1
73 silly packumentCache full:https://registry.npmjs.org/on-finished cache-miss
74 http fetch GET 200 https://registry.npmjs.org/send 195ms (cache miss)
75 silly packumentCache full:https://registry.npmjs.org/send set size:undefined disposed:false
76 silly fetch manifest safe-buffer@5.2.1
77 silly packumentCache full:https://registry.npmjs.org/safe-buffer cache-miss
78 http fetch GET 200 https://registry.npmjs.org/statuses 104ms (cache miss)
79 silly packumentCache full:https://registry.npmjs.org/statuses set size:undefined disposed:false
80 silly fetch manifest utils-merge@1.0.1
81 silly packumentCache full:https://registry.npmjs.org/utils-merge cache-miss
82 http fetch GET 200 https://registry.npmjs.org/type-is 205ms (cache miss)
83 silly packumentCache full:https://registry.npmjs.org/type-is set size:undefined disposed:false
84 silly fetch manifest content-type@~1.0.4
85 silly packumentCache full:https://registry.npmjs.org/content-type cache-miss
86 http fetch GET 200 https://registry.npmjs.org/accepts 212ms (cache miss)
87 silly packumentCache full:https://registry.npmjs.org/accepts set size:undefined disposed:false
88 silly fetch manifest finalhandler@1.2.0
89 silly packumentCache full:https://registry.npmjs.org/finalhandler cache-miss
90 http fetch GET 200 https://registry.npmjs.org/encodeurl 112ms (cache miss)
91 silly packumentCache full:https://registry.npmjs.org/encodeurl set size:undefined disposed:false
92 silly fetch manifest range-parser@~1.2.1
93 silly packumentCache full:https://registry.npmjs.org/range-parser cache-miss
94 http fetch GET 200 https://registry.npmjs.org/escape-html 74ms (cache miss)
95 silly packumentCache full:https://registry.npmjs.org/escape-html set size:undefined disposed:false
96 silly fetch manifest serve-static@1.15.0
97 silly packumentCache full:https://registry.npmjs.org/serve-static cache-miss
98 http fetch GET 200 https://registry.npmjs.org/proxy-addr 86ms (cache miss)
99 silly packumentCache full:https://registry.npmjs.org/proxy-addr set size:undefined disposed:false
100 silly fetch manifest array-flatten@1.1.1
101 silly packumentCache full:https://registry.npmjs.org/array-flatten cache-miss
102 http fetch GET 200 https://registry.npmjs.org/debug 227ms (cache updated)
103 silly packumentCache full:https://registry.npmjs.org/debug set size:undefined disposed:false
104 silly fetch manifest path-to-regexp@0.1.7
105 silly packumentCache full:https://registry.npmjs.org/path-to-regexp cache-miss
106 http fetch GET 200 https://registry.npmjs.org/body-parser 92ms (cache miss)
107 silly packumentCache full:https://registry.npmjs.org/body-parser set size:undefined disposed:false
108 silly fetch manifest setprototypeof@1.2.0
109 silly packumentCache full:https://registry.npmjs.org/setprototypeof cache-miss
110 http fetch GET 200 https://registry.npmjs.org/http-errors 81ms (cache miss)
111 silly packumentCache full:https://registry.npmjs.org/http-errors set size:undefined disposed:false
112 silly fetch manifest cookie-signature@1.0.6
113 silly packumentCache full:https://registry.npmjs.org/cookie-signature cache-miss
114 http fetch GET 200 https://registry.npmjs.org/utils-merge 45ms (cache miss)
115 silly packumentCache full:https://registry.npmjs.org/utils-merge set size:undefined disposed:false
116 silly fetch manifest merge-descriptors@1.0.1
117 silly packumentCache full:https://registry.npmjs.org/merge-descriptors cache-miss
118 http fetch GET 200 https://registry.npmjs.org/on-finished 67ms (cache miss)
119 silly packumentCache full:https://registry.npmjs.org/on-finished set size:undefined disposed:false
120 silly fetch manifest content-disposition@0.5.4
121 silly packumentCache full:https://registry.npmjs.org/content-disposition cache-miss
122 http fetch GET 200 https://registry.npmjs.org/finalhandler 47ms (cache miss)
123 silly packumentCache full:https://registry.npmjs.org/finalhandler set size:undefined disposed:false
124 http fetch GET 200 https://registry.npmjs.org/range-parser 57ms (cache miss)
125 silly packumentCache full:https://registry.npmjs.org/range-parser set size:undefined disposed:false
126 http fetch GET 200 https://registry.npmjs.org/serve-static 62ms (cache miss)
127 silly packumentCache full:https://registry.npmjs.org/serve-static set size:undefined disposed:false
128 http fetch GET 200 https://registry.npmjs.org/content-type 77ms (cache miss)
129 silly packumentCache full:https://registry.npmjs.org/content-type set size:undefined disposed:false
130 http fetch GET 200 https://registry.npmjs.org/path-to-regexp 58ms (cache miss)
131 silly packumentCache full:https://registry.npmjs.org/path-to-regexp set size:undefined disposed:false
132 http fetch GET 200 https://registry.npmjs.org/setprototypeof 54ms (cache miss)
133 silly packumentCache full:https://registry.npmjs.org/setprototypeof set size:undefined disposed:false
134 http fetch GET 200 https://registry.npmjs.org/array-flatten 63ms (cache miss)
135 silly packumentCache full:https://registry.npmjs.org/array-flatten set size:undefined disposed:false
136 http fetch GET 200 https://registry.npmjs.org/merge-descriptors 49ms (cache miss)
137 silly packumentCache full:https://registry.npmjs.org/merge-descriptors set size:undefined disposed:false
138 http fetch GET 200 https://registry.npmjs.org/cookie-signature 61ms (cache miss)
139 silly packumentCache full:https://registry.npmjs.org/cookie-signature set size:undefined disposed:false
140 http fetch GET 200 https://registry.npmjs.org/safe-buffer 108ms (cache revalidated)
141 silly packumentCache full:https://registry.npmjs.org/safe-buffer set size:41183 disposed:false
142 http fetch GET 200 https://registry.npmjs.org/content-disposition 70ms (cache miss)
143 silly packumentCache full:https://registry.npmjs.org/content-disposition set size:undefined disposed:false
144 silly placeDep ROOT accepts@1.3.8 OK for: express@4.19.2 want: ~1.3.8
145 silly placeDep ROOT array-flatten@1.1.1 OK for: express@4.19.2 want: 1.1.1
146 silly placeDep ROOT body-parser@1.20.2 OK for: express@4.19.2 want: 1.20.2
147 silly placeDep ROOT content-disposition@0.5.4 OK for: express@4.19.2 want: 0.5.4
148 silly placeDep ROOT content-type@1.0.5 OK for: express@4.19.2 want: ~1.0.4
149 silly placeDep ROOT cookie@0.6.0 OK for: express@4.19.2 want: 0.6.0
150 silly placeDep ROOT cookie-signature@1.0.6 OK for: express@4.19.2 want: 1.0.6
151 silly placeDep node_modules/express debug@2.6.9 OK for: express@4.19.2 want: 2.6.9
152 silly placeDep ROOT depd@2.0.0 OK for: express@4.19.2 want: 2.0.0
153 silly placeDep ROOT encodeurl@1.0.2 OK for: express@4.19.2 want: ~1.0.2
154 silly placeDep ROOT escape-html@1.0.3 OK for: express@4.19.2 want: ~1.0.3
155 silly placeDep ROOT etag@1.8.1 OK for: express@4.19.2 want: ~1.8.1
156 silly placeDep ROOT finalhandler@1.2.0 OK for: express@4.19.2 want: 1.2.0
157 silly placeDep ROOT fresh@0.5.2 OK for: express@4.19.2 want: 0.5.2
158 silly placeDep ROOT http-errors@2.0.0 OK for: express@4.19.2 want: 2.0.0
159 silly placeDep ROOT merge-descriptors@1.0.1 OK for: express@4.19.2 want: 1.0.1
160 silly placeDep ROOT methods@1.1.2 OK for: express@4.19.2 want: ~1.1.2
161 silly placeDep ROOT on-finished@2.4.1 OK for: express@4.19.2 want: 2.4.1
162 silly placeDep ROOT parseurl@1.3.3 OK for: express@4.19.2 want: ~1.3.3
163 silly placeDep ROOT path-to-regexp@0.1.7 OK for: express@4.19.2 want: 0.1.7
164 silly placeDep ROOT proxy-addr@2.0.7 OK for: express@4.19.2 want: ~2.0.7
165 silly placeDep node_modules/express qs@6.11.0 OK for: express@4.19.2 want: 6.11.0
166 silly placeDep ROOT range-parser@1.2.1 OK for: express@4.19.2 want: ~1.2.1
167 silly placeDep node_modules/express safe-buffer@5.2.1 OK for: express@4.19.2 want: 5.2.1
168 silly placeDep ROOT send@0.18.0 OK for: express@4.19.2 want: 0.18.0
169 silly placeDep ROOT serve-static@1.15.0 OK for: express@4.19.2 want: 1.15.0
170 silly placeDep ROOT setprototypeof@1.2.0 OK for: express@4.19.2 want: 1.2.0
171 silly placeDep ROOT statuses@2.0.1 OK for: express@4.19.2 want: 2.0.1
172 silly placeDep ROOT type-is@1.6.18 OK for: express@4.19.2 want: ~1.6.18
173 silly placeDep ROOT utils-merge@1.0.1 OK for: express@4.19.2 want: 1.0.1
174 silly placeDep ROOT vary@1.1.2 OK for: express@4.19.2 want: ~1.1.2
175 silly fetch manifest negotiator@0.6.3
176 silly packumentCache full:https://registry.npmjs.org/negotiator cache-miss
177 silly fetch manifest bytes@3.1.2
178 silly packumentCache full:https://registry.npmjs.org/bytes cache-miss
179 silly fetch manifest unpipe@1.0.0
180 silly packumentCache full:https://registry.npmjs.org/unpipe cache-miss
181 silly fetch manifest destroy@1.2.0
182 silly packumentCache full:https://registry.npmjs.org/destroy cache-miss
183 silly fetch manifest raw-body@2.5.2
184 silly packumentCache full:https://registry.npmjs.org/raw-body cache-miss
185 silly fetch manifest iconv-lite@0.4.24
186 silly packumentCache full:https://registry.npmjs.org/iconv-lite cache-miss
187 silly fetch manifest content-type@~1.0.5
188 silly packumentCache full:https://registry.npmjs.org/content-type cache-miss
189 silly fetch manifest ms@2.0.0
190 silly packumentCache full:https://registry.npmjs.org/ms cache-miss
191 silly fetch manifest unpipe@~1.0.0
192 silly packumentCache full:https://registry.npmjs.org/unpipe cache-miss
193 silly fetch manifest toidentifier@1.0.1
194 silly packumentCache full:https://registry.npmjs.org/toidentifier cache-miss
195 silly fetch manifest ee-first@1.1.1
196 silly packumentCache full:https://registry.npmjs.org/ee-first cache-miss
197 http fetch GET 200 https://registry.npmjs.org/content-type 17ms (cache hit)
198 silly packumentCache full:https://registry.npmjs.org/content-type set size:17196 disposed:false
199 silly fetch manifest forwarded@0.2.0
200 silly packumentCache full:https://registry.npmjs.org/forwarded cache-miss
201 http fetch GET 200 https://registry.npmjs.org/iconv-lite 76ms (cache revalidated)
202 silly packumentCache full:https://registry.npmjs.org/iconv-lite set size:115994 disposed:false
203 silly fetch manifest ipaddr.js@1.9.1
204 silly packumentCache full:https://registry.npmjs.org/ipaddr.js cache-miss
205 http fetch GET 200 https://registry.npmjs.org/ms 83ms (cache revalidated)
206 silly packumentCache full:https://registry.npmjs.org/ms set size:84885 disposed:false
207 silly fetch manifest ms@2.1.3
208 silly packumentCache full:https://registry.npmjs.org/ms cache-hit
209 silly fetch manifest destroy@1.2.0
210 silly packumentCache full:https://registry.npmjs.org/destroy cache-miss
211 http fetch GET 200 https://registry.npmjs.org/toidentifier 91ms (cache miss)
212 silly packumentCache full:https://registry.npmjs.org/toidentifier set size:undefined disposed:false
213 silly fetch manifest media-typer@0.3.0
214 silly packumentCache full:https://registry.npmjs.org/media-typer cache-miss
215 http fetch GET 200 https://registry.npmjs.org/unpipe 98ms (cache miss)
216 silly packumentCache full:https://registry.npmjs.org/unpipe set size:undefined disposed:false
217 http fetch GET 200 https://registry.npmjs.org/unpipe 108ms (cache miss)
218 silly packumentCache full:https://registry.npmjs.org/unpipe set size:undefined disposed:false
219 http fetch GET 200 https://registry.npmjs.org/bytes 109ms (cache miss)
220 silly packumentCache full:https://registry.npmjs.org/bytes set size:undefined disposed:false
221 http fetch GET 200 https://registry.npmjs.org/destroy 112ms (cache miss)
222 silly packumentCache full:https://registry.npmjs.org/destroy set size:undefined disposed:false
223 http fetch GET 200 https://registry.npmjs.org/forwarded 94ms (cache miss)
224 silly packumentCache full:https://registry.npmjs.org/forwarded set size:undefined disposed:false
225 http fetch GET 200 https://registry.npmjs.org/negotiator 115ms (cache miss)
226 silly packumentCache full:https://registry.npmjs.org/negotiator set size:undefined disposed:false
227 http fetch GET 200 https://registry.npmjs.org/ee-first 111ms (cache miss)
228 silly packumentCache full:https://registry.npmjs.org/ee-first set size:undefined disposed:false
229 http fetch GET 200 https://registry.npmjs.org/raw-body 119ms (cache miss)
230 silly packumentCache full:https://registry.npmjs.org/raw-body set size:undefined disposed:false
231 http fetch GET 200 https://registry.npmjs.org/destroy 44ms (cache miss)
232 silly packumentCache full:https://registry.npmjs.org/destroy set size:undefined disposed:false
233 http fetch GET 200 https://registry.npmjs.org/ipaddr.js 57ms (cache miss)
234 silly packumentCache full:https://registry.npmjs.org/ipaddr.js set size:undefined disposed:false
235 http fetch GET 200 https://registry.npmjs.org/media-typer 43ms (cache miss)
236 silly packumentCache full:https://registry.npmjs.org/media-typer set size:undefined disposed:false
237 silly placeDep ROOT negotiator@0.6.3 OK for: accepts@1.3.8 want: 0.6.3
238 silly placeDep ROOT bytes@3.1.2 OK for: body-parser@1.20.2 want: 3.1.2
239 silly placeDep node_modules/body-parser debug@2.6.9 OK for: body-parser@1.20.2 want: 2.6.9
240 silly placeDep ROOT destroy@1.2.0 OK for: body-parser@1.20.2 want: 1.2.0
241 silly placeDep node_modules/body-parser iconv-lite@0.4.24 OK for: body-parser@1.20.2 want: 0.4.24
242 silly placeDep node_modules/body-parser qs@6.11.0 OK for: body-parser@1.20.2 want: 6.11.0
243 silly placeDep ROOT raw-body@2.5.2 OK for: body-parser@1.20.2 want: 2.5.2
244 silly placeDep ROOT unpipe@1.0.0 OK for: body-parser@1.20.2 want: 1.0.0
245 silly placeDep node_modules/content-disposition safe-buffer@5.2.1 OK for: content-disposition@0.5.4 want: 5.2.1
246 silly placeDep node_modules/finalhandler debug@2.6.9 OK for: finalhandler@1.2.0 want: 2.6.9
247 silly placeDep ROOT toidentifier@1.0.1 OK for: http-errors@2.0.0 want: 1.0.1
248 silly placeDep ROOT ee-first@1.1.1 OK for: on-finished@2.4.1 want: 1.1.1
249 silly placeDep ROOT forwarded@0.2.0 OK for: proxy-addr@2.0.7 want: 0.2.0
250 silly placeDep ROOT ipaddr.js@1.9.1 OK for: proxy-addr@2.0.7 want: 1.9.1
251 silly placeDep node_modules/raw-body iconv-lite@0.4.24 OK for: raw-body@2.5.2 want: 0.4.24
252 silly placeDep node_modules/send debug@2.6.9 OK for: send@0.18.0 want: 2.6.9
253 silly placeDep node_modules/send ms@2.1.3 OK for: send@0.18.0 want: 2.1.3
254 silly placeDep ROOT media-typer@0.3.0 OK for: type-is@1.6.18 want: 0.3.0
255 silly placeDep node_modules/body-parser ms@2.0.0 OK for: debug@2.6.9 want: 2.0.0
256 silly placeDep node_modules/express ms@2.0.0 OK for: debug@2.6.9 want: 2.0.0
257 silly placeDep node_modules/finalhandler ms@2.0.0 OK for: debug@2.6.9 want: 2.0.0
258 silly placeDep node_modules/send/node_modules/debug ms@2.0.0 OK for: debug@2.6.9 want: 2.0.0
259 silly reify moves {}
260 silly audit bulk request {
260 silly audit   '@isaacs/cliui': [ '8.0.2' ],
260 silly audit   'ansi-regex': [ '6.0.1', '5.0.1' ],
260 silly audit   'emoji-regex': [ '9.2.2', '8.0.0' ],
260 silly audit   'string-width': [ '5.1.2', '4.2.3' ],
260 silly audit   'strip-ansi': [ '7.1.0', '6.0.1' ],
260 silly audit   '@mapbox/node-pre-gyp': [ '1.0.11' ],
260 silly audit   'are-we-there-yet': [ '2.0.0', '4.0.2' ],
260 silly audit   'brace-expansion': [ '1.1.11', '2.0.1' ],
260 silly audit   gauge: [ '3.0.2', '5.0.2' ],
260 silly audit   glob: [ '7.2.3', '11.0.0' ],
260 silly audit   minimatch: [ '3.1.2', '10.0.1' ],
260 silly audit   npmlog: [ '5.0.1', '7.0.1' ],
260 silly audit   rimraf: [ '3.0.2', '6.0.1' ],
260 silly audit   'signal-exit': [ '3.0.7', '4.1.0' ],
260 silly audit   '@pkgjs/parseargs': [ '0.11.0' ],
260 silly audit   abbrev: [ '1.1.1' ],
260 silly audit   'agent-base': [ '6.0.2' ],
260 silly audit   'ansi-styles': [ '4.3.0', '6.2.1' ],
260 silly audit   aproba: [ '2.0.0' ],
260 silly audit   async: [ '2.6.4' ],
260 silly audit   asynckit: [ '0.4.0' ],
260 silly audit   'aws-ssl-profiles': [ '1.1.1' ],
260 silly audit   axios: [ '1.7.2' ],
260 silly audit   'balanced-match': [ '1.0.2' ],
260 silly audit   'basic-auth': [ '2.0.1' ],
260 silly audit   bcrypt: [ '5.1.1' ],
260 silly audit   bcryptjs: [ '2.4.3' ],
260 silly audit   'buffer-equal-constant-time': [ '1.0.1' ],
260 silly audit   'call-bind': [ '1.0.7' ],
260 silly audit   chalk: [ '4.1.2' ],
260 silly audit   chownr: [ '2.0.0' ],
260 silly audit   'color-convert': [ '2.0.1' ],
260 silly audit   'color-name': [ '1.1.4' ],
260 silly audit   'color-support': [ '1.1.3' ],
260 silly audit   'combined-stream': [ '1.0.8' ],
260 silly audit   'concat-map': [ '0.0.1' ],
260 silly audit   'console-control-strings': [ '1.1.0' ],
260 silly audit   corser: [ '2.0.1' ],
260 silly audit   'cross-spawn': [ '7.0.3' ],
260 silly audit   debug: [ '4.3.5', '3.2.7', '2.6.9' ],
260 silly audit   'define-data-property': [ '1.1.4' ],
260 silly audit   'delayed-stream': [ '1.0.0' ],
260 silly audit   delegates: [ '1.0.0' ],
260 silly audit   denque: [ '2.1.0' ],
260 silly audit   'detect-libc': [ '2.0.3' ],
260 silly audit   dotenv: [ '16.4.5' ],
260 silly audit   eastasianwidth: [ '0.2.0' ],
260 silly audit   'ecdsa-sig-formatter': [ '1.0.11' ],
260 silly audit   'es-define-property': [ '1.0.0' ],
260 silly audit   'es-errors': [ '1.3.0' ],
260 silly audit   eventemitter3: [ '4.0.7' ],
260 silly audit   'follow-redirects': [ '1.15.6' ],
260 silly audit   'foreground-child': [ '3.2.1' ],
260 silly audit   'form-data': [ '4.0.0' ],
260 silly audit   'fs-minipass': [ '2.1.0' ],
260 silly audit   minipass: [ '3.3.6', '7.1.2', '5.0.0' ],
260 silly audit   'fs.realpath': [ '1.0.0' ],
260 silly audit   'function-bind': [ '1.1.2' ],
260 silly audit   'generate-function': [ '2.3.1' ],
260 silly audit   'get-intrinsic': [ '1.2.4' ],
260 silly audit   gopd: [ '1.0.1' ],
260 silly audit   'has-flag': [ '4.0.0' ],
260 silly audit   'has-property-descriptors': [ '1.0.2' ],
260 silly audit   'has-proto': [ '1.0.3' ],
260 silly audit   'has-symbols': [ '1.0.3' ],
260 silly audit   'has-unicode': [ '2.0.1' ],
260 silly audit   hasown: [ '2.0.2' ],
260 silly audit   he: [ '1.2.0' ],
260 silly audit   'html-encoding-sniffer': [ '3.0.0' ],
260 silly audit   'http-proxy': [ '1.18.1' ],
260 silly audit   'http-server': [ '14.1.1' ],
260 silly audit   'http-status-codes': [ '2.3.0' ],
260 silly audit   'https-proxy-agent': [ '5.0.1' ],
260 silly audit   'iconv-lite': [ '0.6.3', '0.4.24' ],
260 silly audit   inflight: [ '1.0.6' ],
260 silly audit   inherits: [ '2.0.4' ],
260 silly audit   'is-fullwidth-code-point': [ '3.0.0' ],
260 silly audit   'is-property': [ '1.0.2' ],
260 silly audit   isexe: [ '2.0.0' ],
260 silly audit   jackspeak: [ '4.0.1' ],
260 silly audit   jsonwebtoken: [ '9.0.2' ],
260 silly audit   jwa: [ '1.4.1' ],
260 silly audit   jws: [ '3.2.2' ],
260 silly audit   lodash: [ '4.17.21' ],
260 silly audit   'lodash.includes': [ '4.3.0' ],
260 silly audit   'lodash.isboolean': [ '3.0.3' ],
260 silly audit   'lodash.isinteger': [ '4.0.4' ],
260 silly audit   'lodash.isnumber': [ '3.0.3' ],
260 silly audit   'lodash.isplainobject': [ '4.0.6' ],
260 silly audit   'lodash.isstring': [ '4.0.1' ],
260 silly audit   'lodash.once': [ '4.1.1' ],
260 silly audit   long: [ '5.2.3' ],
260 silly audit   'lru-cache': [ '8.0.5', '7.18.3', '11.0.0' ],
260 silly audit   'make-dir': [ '3.1.0' ],
260 silly audit   semver: [ '6.3.1', '7.6.3' ],
260 silly audit   mime: [ '1.6.0' ],
260 silly audit   'mime-db': [ '1.52.0' ],
260 silly audit   'mime-types': [ '2.1.35' ],
260 silly audit   minimist: [ '1.2.8' ],
260 silly audit   minizlib: [ '2.1.2' ],
260 silly audit   mkdirp: [ '0.5.6', '1.0.4' ],
260 silly audit   ms: [ '2.1.2', '2.1.3', '2.0.0' ],
260 silly audit   mysql2: [ '3.10.3' ],
260 silly audit   'named-placeholders': [ '1.1.3' ],
260 silly audit   'node-addon-api': [ '5.1.0' ],
260 silly audit   'node-fetch': [ '2.7.0' ],
260 silly audit   nopt: [ '5.0.0' ],
260 silly audit   'object-assign': [ '4.1.1' ],
260 silly audit   'object-inspect': [ '1.13.2' ],
260 silly audit   once: [ '1.4.0' ],
260 silly audit   opener: [ '1.5.2' ],
260 silly audit   'package-json-from-dist': [ '1.0.0' ],
260 silly audit   'path-is-absolute': [ '1.0.1' ],
260 silly audit   'path-key': [ '3.1.1' ],
260 silly audit   'path-scurry': [ '2.0.0' ],
260 silly audit   portfinder: [ '1.0.32' ],
260 silly audit   'proxy-from-env': [ '1.1.0' ],
260 silly audit   qs: [ '6.12.3', '6.11.0' ],
260 silly audit   'readable-stream': [ '3.6.2' ],
260 silly audit   'requires-port': [ '1.0.0' ],
260 silly audit   'safe-buffer': [ '5.1.2', '5.2.1' ],
260 silly audit   'safer-buffer': [ '2.1.2' ],
260 silly audit   'secure-compare': [ '3.0.1' ],
260 silly audit   'seq-queue': [ '0.0.5' ],
260 silly audit   'set-blocking': [ '2.0.0' ],
260 silly audit   'set-function-length': [ '1.2.2' ],
260 silly audit   'shebang-command': [ '2.0.0' ],
260 silly audit   'shebang-regex': [ '3.0.0' ],
260 silly audit   'side-channel': [ '1.0.6' ],
260 silly audit   sqlstring: [ '2.3.3' ],
260 silly audit   string_decoder: [ '1.3.0' ],
260 silly audit   'supports-color': [ '7.2.0' ],
260 silly audit   tar: [ '6.2.1' ],
260 silly audit   tr46: [ '0.0.3' ],
260 silly audit   union: [ '0.5.0' ],
260 silly audit   'url-join': [ '4.0.1' ],
260 silly audit   'util-deprecate': [ '1.0.2' ],
260 silly audit   'webidl-conversions': [ '3.0.1' ],
260 silly audit   'whatwg-encoding': [ '2.0.0' ],
260 silly audit   'whatwg-url': [ '5.0.0' ],
260 silly audit   which: [ '2.0.2' ],
260 silly audit   'wide-align': [ '1.1.5' ],
260 silly audit   'wrap-ansi': [ '8.1.0', '7.0.0' ],
260 silly audit   wrappy: [ '1.0.2' ],
260 silly audit   yallist: [ '4.0.0' ],
260 silly audit   express: [ '4.19.2' ],
260 silly audit   accepts: [ '1.3.8' ],
260 silly audit   'array-flatten': [ '1.1.1' ],
260 silly audit   'body-parser': [ '1.20.2' ],
260 silly audit   'content-disposition': [ '0.5.4' ],
260 silly audit   'content-type': [ '1.0.5' ],
260 silly audit   cookie: [ '0.6.0' ],
260 silly audit   'cookie-signature': [ '1.0.6' ],
260 silly audit   depd: [ '2.0.0' ],
260 silly audit   encodeurl: [ '1.0.2' ],
260 silly audit   'escape-html': [ '1.0.3' ],
260 silly audit   etag: [ '1.8.1' ],
260 silly audit   finalhandler: [ '1.2.0' ],
260 silly audit   fresh: [ '0.5.2' ],
260 silly audit   'http-errors': [ '2.0.0' ],
260 silly audit   'merge-descriptors': [ '1.0.1' ],
260 silly audit   methods: [ '1.1.2' ],
260 silly audit   'on-finished': [ '2.4.1' ],
260 silly audit   parseurl: [ '1.3.3' ],
260 silly audit   'path-to-regexp': [ '0.1.7' ],
260 silly audit   'proxy-addr': [ '2.0.7' ],
260 silly audit   'range-parser': [ '1.2.1' ],
260 silly audit   send: [ '0.18.0' ],
260 silly audit   'serve-static': [ '1.15.0' ],
260 silly audit   setprototypeof: [ '1.2.0' ],
260 silly audit   statuses: [ '2.0.1' ],
260 silly audit   'type-is': [ '1.6.18' ],
260 silly audit   'utils-merge': [ '1.0.1' ],
260 silly audit   vary: [ '1.1.2' ],
260 silly audit   negotiator: [ '0.6.3' ],
260 silly audit   bytes: [ '3.1.2' ],
260 silly audit   destroy: [ '1.2.0' ],
260 silly audit   'raw-body': [ '2.5.2' ],
260 silly audit   unpipe: [ '1.0.0' ],
260 silly audit   toidentifier: [ '1.0.1' ],
260 silly audit   'ee-first': [ '1.1.1' ],
260 silly audit   forwarded: [ '0.2.0' ],
260 silly audit   'ipaddr.js': [ '1.9.1' ],
260 silly audit   'media-typer': [ '0.3.0' ]
260 silly audit }
261 silly tarball no local data for forwarded@https://registry.npmjs.org/forwarded/-/forwarded-0.2.0.tgz. Extracting by manifest.
262 silly tarball no local data for media-typer@https://registry.npmjs.org/media-typer/-/media-typer-0.3.0.tgz. Extracting by manifest.
263 silly tarball no local data for toidentifier@https://registry.npmjs.org/toidentifier/-/toidentifier-1.0.1.tgz. Extracting by manifest.
264 silly tarball no local data for ipaddr.js@https://registry.npmjs.org/ipaddr.js/-/ipaddr.js-1.9.1.tgz. Extracting by manifest.
265 silly tarball no local data for ee-first@https://registry.npmjs.org/ee-first/-/ee-first-1.1.1.tgz. Extracting by manifest.
266 silly tarball no local data for unpipe@https://registry.npmjs.org/unpipe/-/unpipe-1.0.0.tgz. Extracting by manifest.
267 silly tarball no local data for destroy@https://registry.npmjs.org/destroy/-/destroy-1.2.0.tgz. Extracting by manifest.
268 silly tarball no local data for raw-body@https://registry.npmjs.org/raw-body/-/raw-body-2.5.2.tgz. Extracting by manifest.
269 silly tarball no local data for bytes@https://registry.npmjs.org/bytes/-/bytes-3.1.2.tgz. Extracting by manifest.
270 silly tarball no local data for negotiator@https://registry.npmjs.org/negotiator/-/negotiator-0.6.3.tgz. Extracting by manifest.
271 silly tarball no local data for vary@https://registry.npmjs.org/vary/-/vary-1.1.2.tgz. Extracting by manifest.
272 silly tarball no local data for utils-merge@https://registry.npmjs.org/utils-merge/-/utils-merge-1.0.1.tgz. Extracting by manifest.
273 silly tarball no local data for type-is@https://registry.npmjs.org/type-is/-/type-is-1.6.18.tgz. Extracting by manifest.
274 silly tarball no local data for statuses@https://registry.npmjs.org/statuses/-/statuses-2.0.1.tgz. Extracting by manifest.
275 silly tarball no local data for send@https://registry.npmjs.org/send/-/send-0.18.0.tgz. Extracting by manifest.
276 silly tarball no local data for serve-static@https://registry.npmjs.org/serve-static/-/serve-static-1.15.0.tgz. Extracting by manifest.
277 silly tarball no local data for setprototypeof@https://registry.npmjs.org/setprototypeof/-/setprototypeof-1.2.0.tgz. Extracting by manifest.
278 silly tarball no local data for range-parser@https://registry.npmjs.org/range-parser/-/range-parser-1.2.1.tgz. Extracting by manifest.
279 silly tarball no local data for proxy-addr@https://registry.npmjs.org/proxy-addr/-/proxy-addr-2.0.7.tgz. Extracting by manifest.
280 silly tarball no local data for parseurl@https://registry.npmjs.org/parseurl/-/parseurl-1.3.3.tgz. Extracting by manifest.
281 silly tarball no local data for path-to-regexp@https://registry.npmjs.org/path-to-regexp/-/path-to-regexp-0.1.7.tgz. Extracting by manifest.
282 silly tarball no local data for merge-descriptors@https://registry.npmjs.org/merge-descriptors/-/merge-descriptors-1.0.1.tgz. Extracting by manifest.
283 silly tarball no local data for on-finished@https://registry.npmjs.org/on-finished/-/on-finished-2.4.1.tgz. Extracting by manifest.
284 silly tarball no local data for methods@https://registry.npmjs.org/methods/-/methods-1.1.2.tgz. Extracting by manifest.
285 silly tarball no local data for fresh@https://registry.npmjs.org/fresh/-/fresh-0.5.2.tgz. Extracting by manifest.
286 silly tarball no local data for http-errors@https://registry.npmjs.org/http-errors/-/http-errors-2.0.0.tgz. Extracting by manifest.
287 silly tarball no local data for encodeurl@https://registry.npmjs.org/encodeurl/-/encodeurl-1.0.2.tgz. Extracting by manifest.
288 silly tarball no local data for finalhandler@https://registry.npmjs.org/finalhandler/-/finalhandler-1.2.0.tgz. Extracting by manifest.
289 silly tarball no local data for etag@https://registry.npmjs.org/etag/-/etag-1.8.1.tgz. Extracting by manifest.
290 silly tarball no local data for depd@https://registry.npmjs.org/depd/-/depd-2.0.0.tgz. Extracting by manifest.
291 silly tarball no local data for escape-html@https://registry.npmjs.org/escape-html/-/escape-html-1.0.3.tgz. Extracting by manifest.
292 silly tarball no local data for content-type@https://registry.npmjs.org/content-type/-/content-type-1.0.5.tgz. Extracting by manifest.
293 silly tarball no local data for cookie@https://registry.npmjs.org/cookie/-/cookie-0.6.0.tgz. Extracting by manifest.
294 silly tarball no local data for cookie-signature@https://registry.npmjs.org/cookie-signature/-/cookie-signature-1.0.6.tgz. Extracting by manifest.
295 silly tarball no local data for content-disposition@https://registry.npmjs.org/content-disposition/-/content-disposition-0.5.4.tgz. Extracting by manifest.
296 silly tarball no local data for accepts@https://registry.npmjs.org/accepts/-/accepts-1.3.8.tgz. Extracting by manifest.
297 silly tarball no local data for body-parser@https://registry.npmjs.org/body-parser/-/body-parser-1.20.2.tgz. Extracting by manifest.
298 silly tarball no local data for array-flatten@https://registry.npmjs.org/array-flatten/-/array-flatten-1.1.1.tgz. Extracting by manifest.
299 silly tarball no local data for express@https://registry.npmjs.org/express/-/express-4.19.2.tgz. Extracting by manifest.
300 silly tarball no local data for ms@https://registry.npmjs.org/ms/-/ms-2.1.3.tgz. Extracting by manifest.
301 silly tarball no local data for debug@https://registry.npmjs.org/debug/-/debug-2.6.9.tgz. Extracting by manifest.
302 silly tarball no local data for iconv-lite@https://registry.npmjs.org/iconv-lite/-/iconv-lite-0.4.24.tgz. Extracting by manifest.
303 silly tarball no local data for ms@https://registry.npmjs.org/ms/-/ms-2.0.0.tgz. Extracting by manifest.
304 silly tarball no local data for debug@https://registry.npmjs.org/debug/-/debug-2.6.9.tgz. Extracting by manifest.
305 silly tarball no local data for ms@https://registry.npmjs.org/ms/-/ms-2.0.0.tgz. Extracting by manifest.
306 silly tarball no local data for ms@https://registry.npmjs.org/ms/-/ms-2.0.0.tgz. Extracting by manifest.
307 silly tarball no local data for qs@https://registry.npmjs.org/qs/-/qs-6.11.0.tgz. Extracting by manifest.
308 silly tarball no local data for ms@https://registry.npmjs.org/ms/-/ms-2.0.0.tgz. Extracting by manifest.
309 silly tarball no local data for debug@https://registry.npmjs.org/debug/-/debug-2.6.9.tgz. Extracting by manifest.
310 silly tarball no local data for debug@https://registry.npmjs.org/debug/-/debug-2.6.9.tgz. Extracting by manifest.
311 silly tarball no local data for iconv-lite@https://registry.npmjs.org/iconv-lite/-/iconv-lite-0.4.24.tgz. Extracting by manifest.
312 silly tarball no local data for qs@https://registry.npmjs.org/qs/-/qs-6.11.0.tgz. Extracting by manifest.
313 http fetch POST 200 https://registry.npmjs.org/-/npm/v1/security/advisories/bulk 99ms
314 silly audit report {}
315 http fetch GET 200 https://registry.npmjs.org/forwarded/-/forwarded-0.2.0.tgz 87ms (cache miss)
316 http fetch GET 200 https://registry.npmjs.org/media-typer/-/media-typer-0.3.0.tgz 141ms (cache miss)
317 http fetch GET 200 https://registry.npmjs.org/destroy/-/destroy-1.2.0.tgz 143ms (cache miss)
318 http fetch GET 200 https://registry.npmjs.org/unpipe/-/unpipe-1.0.0.tgz 149ms (cache miss)
319 http fetch GET 200 https://registry.npmjs.org/toidentifier/-/toidentifier-1.0.1.tgz 150ms (cache miss)
320 http fetch GET 200 https://registry.npmjs.org/bytes/-/bytes-3.1.2.tgz 147ms (cache miss)
321 http fetch GET 200 https://registry.npmjs.org/send/-/send-0.18.0.tgz 171ms (cache miss)
322 http fetch GET 200 https://registry.npmjs.org/parseurl/-/parseurl-1.3.3.tgz 178ms (cache miss)
323 http fetch GET 200 https://registry.npmjs.org/setprototypeof/-/setprototypeof-1.2.0.tgz 196ms (cache miss)
324 http fetch GET 200 https://registry.npmjs.org/range-parser/-/range-parser-1.2.1.tgz 202ms (cache miss)
325 http fetch GET 200 https://registry.npmjs.org/merge-descriptors/-/merge-descriptors-1.0.1.tgz 200ms (cache miss)
326 http fetch GET 200 https://registry.npmjs.org/path-to-regexp/-/path-to-regexp-0.1.7.tgz 202ms (cache miss)
327 http fetch GET 200 https://registry.npmjs.org/methods/-/methods-1.1.2.tgz 221ms (cache miss)
328 http fetch GET 200 https://registry.npmjs.org/serve-static/-/serve-static-1.15.0.tgz 223ms (cache miss)
329 http fetch GET 200 https://registry.npmjs.org/ee-first/-/ee-first-1.1.1.tgz 233ms (cache miss)
330 http fetch GET 200 https://registry.npmjs.org/on-finished/-/on-finished-2.4.1.tgz 227ms (cache miss)
331 http fetch GET 200 https://registry.npmjs.org/fresh/-/fresh-0.5.2.tgz 230ms (cache miss)
332 http fetch GET 200 https://registry.npmjs.org/utils-merge/-/utils-merge-1.0.1.tgz 236ms (cache miss)
333 http fetch GET 200 https://registry.npmjs.org/encodeurl/-/encodeurl-1.0.2.tgz 231ms (cache miss)
334 http fetch GET 200 https://registry.npmjs.org/vary/-/vary-1.1.2.tgz 242ms (cache miss)
335 http fetch GET 200 https://registry.npmjs.org/ipaddr.js/-/ipaddr.js-1.9.1.tgz 246ms (cache miss)
336 http fetch GET 200 https://registry.npmjs.org/raw-body/-/raw-body-2.5.2.tgz 250ms (cache miss)
337 http fetch GET 200 https://registry.npmjs.org/escape-html/-/escape-html-1.0.3.tgz 247ms (cache miss)
338 http fetch GET 200 https://registry.npmjs.org/http-errors/-/http-errors-2.0.0.tgz 250ms (cache miss)
339 http fetch GET 200 https://registry.npmjs.org/negotiator/-/negotiator-0.6.3.tgz 257ms (cache miss)
340 http fetch GET 200 https://registry.npmjs.org/content-type/-/content-type-1.0.5.tgz 250ms (cache miss)
341 http fetch GET 200 https://registry.npmjs.org/statuses/-/statuses-2.0.1.tgz 257ms (cache miss)
342 http fetch GET 200 https://registry.npmjs.org/ms/-/ms-2.0.0.tgz 247ms (cache miss)
343 http fetch GET 200 https://registry.npmjs.org/type-is/-/type-is-1.6.18.tgz 260ms (cache miss)
344 http fetch GET 200 https://registry.npmjs.org/proxy-addr/-/proxy-addr-2.0.7.tgz 257ms (cache miss)
345 http fetch GET 200 https://registry.npmjs.org/cookie-signature/-/cookie-signature-1.0.6.tgz 253ms (cache miss)
346 http fetch GET 200 https://registry.npmjs.org/body-parser/-/body-parser-1.20.2.tgz 253ms (cache miss)
347 http fetch GET 200 https://registry.npmjs.org/array-flatten/-/array-flatten-1.1.1.tgz 253ms (cache miss)
348 http fetch GET 200 https://registry.npmjs.org/accepts/-/accepts-1.3.8.tgz 255ms (cache miss)
349 http fetch GET 200 https://registry.npmjs.org/etag/-/etag-1.8.1.tgz 259ms (cache miss)
350 http fetch GET 200 https://registry.npmjs.org/ms/-/ms-2.1.3.tgz 255ms (cache miss)
351 http fetch GET 200 https://registry.npmjs.org/depd/-/depd-2.0.0.tgz 260ms (cache miss)
352 http fetch GET 200 https://registry.npmjs.org/ms/-/ms-2.0.0.tgz 253ms (cache miss)
353 http fetch GET 200 https://registry.npmjs.org/ms/-/ms-2.0.0.tgz 255ms (cache miss)
354 http fetch GET 200 https://registry.npmjs.org/ms/-/ms-2.0.0.tgz 253ms (cache miss)
355 http fetch GET 200 https://registry.npmjs.org/content-disposition/-/content-disposition-0.5.4.tgz 260ms (cache miss)
356 http fetch GET 200 https://registry.npmjs.org/cookie/-/cookie-0.6.0.tgz 263ms (cache miss)
357 http fetch GET 200 https://registry.npmjs.org/finalhandler/-/finalhandler-1.2.0.tgz 266ms (cache miss)
358 http fetch GET 200 https://registry.npmjs.org/debug/-/debug-2.6.9.tgz 297ms (cache miss)
359 http fetch GET 200 https://registry.npmjs.org/debug/-/debug-2.6.9.tgz 298ms (cache miss)
360 http fetch GET 200 https://registry.npmjs.org/debug/-/debug-2.6.9.tgz 297ms (cache miss)
361 http fetch GET 200 https://registry.npmjs.org/debug/-/debug-2.6.9.tgz 300ms (cache miss)
362 http fetch GET 200 https://registry.npmjs.org/qs/-/qs-6.11.0.tgz 319ms (cache miss)
363 http fetch GET 200 https://registry.npmjs.org/qs/-/qs-6.11.0.tgz 317ms (cache miss)
364 http fetch GET 200 https://registry.npmjs.org/express/-/express-4.19.2.tgz 326ms (cache miss)
365 http fetch GET 200 https://registry.npmjs.org/iconv-lite/-/iconv-lite-0.4.24.tgz 347ms (cache miss)
366 http fetch GET 200 https://registry.npmjs.org/iconv-lite/-/iconv-lite-0.4.24.tgz 349ms (cache miss)
367 silly ADD node_modules/media-typer
368 silly ADD node_modules/ipaddr.js
369 silly ADD node_modules/forwarded
370 silly ADD node_modules/ee-first
371 silly ADD node_modules/toidentifier
372 silly ADD node_modules/unpipe
373 silly ADD node_modules/raw-body
374 silly ADD node_modules/raw-body/node_modules/iconv-lite
375 silly ADD node_modules/destroy
376 silly ADD node_modules/bytes
377 silly ADD node_modules/negotiator
378 silly ADD node_modules/vary
379 silly ADD node_modules/utils-merge
380 silly ADD node_modules/type-is
381 silly ADD node_modules/statuses
382 silly ADD node_modules/setprototypeof
383 silly ADD node_modules/serve-static
384 silly ADD node_modules/send
385 silly ADD node_modules/send/node_modules/ms
386 silly ADD node_modules/send/node_modules/debug
387 silly ADD node_modules/send/node_modules/debug/node_modules/ms
388 silly ADD node_modules/range-parser
389 silly ADD node_modules/proxy-addr
390 silly ADD node_modules/path-to-regexp
391 silly ADD node_modules/parseurl
392 silly ADD node_modules/on-finished
393 silly ADD node_modules/methods
394 silly ADD node_modules/merge-descriptors
395 silly ADD node_modules/http-errors
396 silly ADD node_modules/fresh
397 silly ADD node_modules/finalhandler
398 silly ADD node_modules/finalhandler/node_modules/ms
399 silly ADD node_modules/finalhandler/node_modules/debug
400 silly ADD node_modules/etag
401 silly ADD node_modules/escape-html
402 silly ADD node_modules/encodeurl
403 silly ADD node_modules/depd
404 silly ADD node_modules/cookie-signature
405 silly ADD node_modules/cookie
406 silly ADD node_modules/content-type
407 silly ADD node_modules/content-disposition
408 silly ADD node_modules/content-disposition/node_modules/safe-buffer
409 silly ADD node_modules/body-parser
410 silly ADD node_modules/body-parser/node_modules/ms
411 silly ADD node_modules/body-parser/node_modules/qs
412 silly ADD node_modules/body-parser/node_modules/iconv-lite
413 silly ADD node_modules/body-parser/node_modules/debug
414 silly ADD node_modules/array-flatten
415 silly ADD node_modules/accepts
416 silly ADD node_modules/express
417 silly ADD node_modules/express/node_modules/ms
418 silly ADD node_modules/express/node_modules/safe-buffer
419 silly ADD node_modules/express/node_modules/qs
420 silly ADD node_modules/express/node_modules/debug
421 verbose cwd C:\Users\mikem\Desktop\Evangadi\Final-Projects\Functional-Scope-and-Design\Evangadi-Forum\server
422 verbose os Windows_NT 10.0.22631
423 verbose node v20.11.1
424 verbose npm  v10.8.2
425 verbose exit 0
426 info ok
